This file contains any messages produced by compilers while
running configure, to aid debugging if configure makes a mistake.

It was created by SUNDIALS configure 2.1.1, which was
generated by GNU Autoconf 2.59.  Invocation command line was

  $ ./configure --prefix=/home/liao/Workspace/Bio/jameschenliao-MoDeL-66e4914/3party/BioNetGen/Network2 --disable-shared

## --------- ##
## Platform. ##
## --------- ##

hostname = ubuntu
uname -m = i686
uname -r = 2.6.38-10-generic
uname -s = Linux
uname -v = #46-Ubuntu SMP Tue Jun 28 15:05:41 UTC 2011

/usr/bin/uname -p = unknown
/bin/uname -X     = unknown

/bin/arch              = unknown
/usr/bin/arch -k       = unknown
/usr/convex/getsysinfo = unknown
hostinfo               = unknown
/bin/machine           = unknown
/usr/bin/oslevel       = unknown
/bin/universe          = unknown

PATH: /usr/local/sbin
PATH: /usr/local/bin
PATH: /usr/sbin
PATH: /usr/bin
PATH: /sbin
PATH: /bin
PATH: /usr/games
PATH: /home/liao/SBW-2.7.10/bin
PATH: /home/liao/SBW-2.7.10/bin/
PATH: /home/liao/SBW-2.7.10/bin
PATH: /home/liao/SBW-2.7.10/bin/


## ----------- ##
## Core tests. ##
## ----------- ##

configure:1587: checking build system type
configure:1605: result: i686-pc-linux-gnu
configure:1615: checking host system type
configure:1629: result: i686-pc-linux-gnu
configure:1646: checking whether make sets $(MAKE)
configure:1666: result: yes
configure:1691: checking for a BSD-compatible install
configure:1746: result: /usr/bin/install -c
configure:1941: checking for egrep
configure:1951: result: grep -E
configure:1970: checking for sys/types.h
configure:1986: cc -c   conftest.c >&5
configure:1992: $? = 0
configure:1996: test -z 
			 || test ! -s conftest.err
configure:1999: $? = 0
configure:2002: test -s conftest.
configure:2005: $? = 1
configure: failed program was:
| /* confdefs.h.  */
| 
| #define PACKAGE_NAME "SUNDIALS"
| #define PACKAGE_TARNAME "sundials"
| #define PACKAGE_VERSION "2.1.1"
| #define PACKAGE_STRING "SUNDIALS 2.1.1"
| #define PACKAGE_BUGREPORT "radu@llnl.gov"
| /* end confdefs.h.  */
| #include <stdio.h>
| #if HAVE_SYS_TYPES_H
| # include <sys/types.h>
| #endif
| #if HAVE_SYS_STAT_H
| # include <sys/stat.h>
| #endif
| #if STDC_HEADERS
| # include <stdlib.h>
| # include <stddef.h>
| #else
| # if HAVE_STDLIB_H
| #  include <stdlib.h>
| # endif
| #endif
| #if HAVE_STRING_H
| # if !STDC_HEADERS && HAVE_MEMORY_H
| #  include <memory.h>
| # endif
| # include <string.h>
| #endif
| #if HAVE_STRINGS_H
| # include <strings.h>
| #endif
| #if HAVE_INTTYPES_H
| # include <inttypes.h>
| #else
| # if HAVE_STDINT_H
| #  include <stdint.h>
| # endif
| #endif
| #if HAVE_UNISTD_H
| # include <unistd.h>
| #endif
| 
| #include <sys/types.h>
configure:2016: result: no
configure:1970: checking for sys/stat.h
configure:1986: cc -c   conftest.c >&5
configure:1992: $? = 0
configure:1996: test -z 
			 || test ! -s conftest.err
configure:1999: $? = 0
configure:2002: test -s conftest.
configure:2005: $? = 1
configure: failed program was:
| /* confdefs.h.  */
| 
| #define PACKAGE_NAME "SUNDIALS"
| #define PACKAGE_TARNAME "sundials"
| #define PACKAGE_VERSION "2.1.1"
| #define PACKAGE_STRING "SUNDIALS 2.1.1"
| #define PACKAGE_BUGREPORT "radu@llnl.gov"
| /* end confdefs.h.  */
| #include <stdio.h>
| #if HAVE_SYS_TYPES_H
| # include <sys/types.h>
| #endif
| #if HAVE_SYS_STAT_H
| # include <sys/stat.h>
| #endif
| #if STDC_HEADERS
| # include <stdlib.h>
| # include <stddef.h>
| #else
| # if HAVE_STDLIB_H
| #  include <stdlib.h>
| # endif
| #endif
| #if HAVE_STRING_H
| # if !STDC_HEADERS && HAVE_MEMORY_H
| #  include <memory.h>
| # endif
| # include <string.h>
| #endif
| #if HAVE_STRINGS_H
| # include <strings.h>
| #endif
| #if HAVE_INTTYPES_H
| # include <inttypes.h>
| #else
| # if HAVE_STDINT_H
| #  include <stdint.h>
| # endif
| #endif
| #if HAVE_UNISTD_H
| # include <unistd.h>
| #endif
| 
| #include <sys/stat.h>
configure:2016: result: no
configure:1970: checking for stdlib.h
configure:1986: cc -c   conftest.c >&5
configure:1992: $? = 0
configure:1996: test -z 
			 || test ! -s conftest.err
configure:1999: $? = 0
configure:2002: test -s conftest.
configure:2005: $? = 1
configure: failed program was:
| /* confdefs.h.  */
| 
| #define PACKAGE_NAME "SUNDIALS"
| #define PACKAGE_TARNAME "sundials"
| #define PACKAGE_VERSION "2.1.1"
| #define PACKAGE_STRING "SUNDIALS 2.1.1"
| #define PACKAGE_BUGREPORT "radu@llnl.gov"
| /* end confdefs.h.  */
| #include <stdio.h>
| #if HAVE_SYS_TYPES_H
| # include <sys/types.h>
| #endif
| #if HAVE_SYS_STAT_H
| # include <sys/stat.h>
| #endif
| #if STDC_HEADERS
| # include <stdlib.h>
| # include <stddef.h>
| #else
| # if HAVE_STDLIB_H
| #  include <stdlib.h>
| # endif
| #endif
| #if HAVE_STRING_H
| # if !STDC_HEADERS && HAVE_MEMORY_H
| #  include <memory.h>
| # endif
| # include <string.h>
| #endif
| #if HAVE_STRINGS_H
| # include <strings.h>
| #endif
| #if HAVE_INTTYPES_H
| # include <inttypes.h>
| #else
| # if HAVE_STDINT_H
| #  include <stdint.h>
| # endif
| #endif
| #if HAVE_UNISTD_H
| # include <unistd.h>
| #endif
| 
| #include <stdlib.h>
configure:2016: result: no
configure:1970: checking for string.h
configure:1986: cc -c   conftest.c >&5
configure:1992: $? = 0
configure:1996: test -z 
			 || test ! -s conftest.err
configure:1999: $? = 0
configure:2002: test -s conftest.
configure:2005: $? = 1
configure: failed program was:
| /* confdefs.h.  */
| 
| #define PACKAGE_NAME "SUNDIALS"
| #define PACKAGE_TARNAME "sundials"
| #define PACKAGE_VERSION "2.1.1"
| #define PACKAGE_STRING "SUNDIALS 2.1.1"
| #define PACKAGE_BUGREPORT "radu@llnl.gov"
| /* end confdefs.h.  */
| #include <stdio.h>
| #if HAVE_SYS_TYPES_H
| # include <sys/types.h>
| #endif
| #if HAVE_SYS_STAT_H
| # include <sys/stat.h>
| #endif
| #if STDC_HEADERS
| # include <stdlib.h>
| # include <stddef.h>
| #else
| # if HAVE_STDLIB_H
| #  include <stdlib.h>
| # endif
| #endif
| #if HAVE_STRING_H
| # if !STDC_HEADERS && HAVE_MEMORY_H
| #  include <memory.h>
| # endif
| # include <string.h>
| #endif
| #if HAVE_STRINGS_H
| # include <strings.h>
| #endif
| #if HAVE_INTTYPES_H
| # include <inttypes.h>
| #else
| # if HAVE_STDINT_H
| #  include <stdint.h>
| # endif
| #endif
| #if HAVE_UNISTD_H
| # include <unistd.h>
| #endif
| 
| #include <string.h>
configure:2016: result: no
configure:1970: checking for memory.h
configure:1986: cc -c   conftest.c >&5
configure:1992: $? = 0
configure:1996: test -z 
			 || test ! -s conftest.err
configure:1999: $? = 0
configure:2002: test -s conftest.
configure:2005: $? = 1
configure: failed program was:
| /* confdefs.h.  */
| 
| #define PACKAGE_NAME "SUNDIALS"
| #define PACKAGE_TARNAME "sundials"
| #define PACKAGE_VERSION "2.1.1"
| #define PACKAGE_STRING "SUNDIALS 2.1.1"
| #define PACKAGE_BUGREPORT "radu@llnl.gov"
| /* end confdefs.h.  */
| #include <stdio.h>
| #if HAVE_SYS_TYPES_H
| # include <sys/types.h>
| #endif
| #if HAVE_SYS_STAT_H
| # include <sys/stat.h>
| #endif
| #if STDC_HEADERS
| # include <stdlib.h>
| # include <stddef.h>
| #else
| # if HAVE_STDLIB_H
| #  include <stdlib.h>
| # endif
| #endif
| #if HAVE_STRING_H
| # if !STDC_HEADERS && HAVE_MEMORY_H
| #  include <memory.h>
| # endif
| # include <string.h>
| #endif
| #if HAVE_STRINGS_H
| # include <strings.h>
| #endif
| #if HAVE_INTTYPES_H
| # include <inttypes.h>
| #else
| # if HAVE_STDINT_H
| #  include <stdint.h>
| # endif
| #endif
| #if HAVE_UNISTD_H
| # include <unistd.h>
| #endif
| 
| #include <memory.h>
configure:2016: result: no
configure:1970: checking for strings.h
configure:1986: cc -c   conftest.c >&5
configure:1992: $? = 0
configure:1996: test -z 
			 || test ! -s conftest.err
configure:1999: $? = 0
configure:2002: test -s conftest.
configure:2005: $? = 1
configure: failed program was:
| /* confdefs.h.  */
| 
| #define PACKAGE_NAME "SUNDIALS"
| #define PACKAGE_TARNAME "sundials"
| #define PACKAGE_VERSION "2.1.1"
| #define PACKAGE_STRING "SUNDIALS 2.1.1"
| #define PACKAGE_BUGREPORT "radu@llnl.gov"
| /* end confdefs.h.  */
| #include <stdio.h>
| #if HAVE_SYS_TYPES_H
| # include <sys/types.h>
| #endif
| #if HAVE_SYS_STAT_H
| # include <sys/stat.h>
| #endif
| #if STDC_HEADERS
| # include <stdlib.h>
| # include <stddef.h>
| #else
| # if HAVE_STDLIB_H
| #  include <stdlib.h>
| # endif
| #endif
| #if HAVE_STRING_H
| # if !STDC_HEADERS && HAVE_MEMORY_H
| #  include <memory.h>
| # endif
| # include <string.h>
| #endif
| #if HAVE_STRINGS_H
| # include <strings.h>
| #endif
| #if HAVE_INTTYPES_H
| # include <inttypes.h>
| #else
| # if HAVE_STDINT_H
| #  include <stdint.h>
| # endif
| #endif
| #if HAVE_UNISTD_H
| # include <unistd.h>
| #endif
| 
| #include <strings.h>
configure:2016: result: no
configure:1970: checking for inttypes.h
configure:1986: cc -c   conftest.c >&5
configure:1992: $? = 0
configure:1996: test -z 
			 || test ! -s conftest.err
configure:1999: $? = 0
configure:2002: test -s conftest.
configure:2005: $? = 1
configure: failed program was:
| /* confdefs.h.  */
| 
| #define PACKAGE_NAME "SUNDIALS"
| #define PACKAGE_TARNAME "sundials"
| #define PACKAGE_VERSION "2.1.1"
| #define PACKAGE_STRING "SUNDIALS 2.1.1"
| #define PACKAGE_BUGREPORT "radu@llnl.gov"
| /* end confdefs.h.  */
| #include <stdio.h>
| #if HAVE_SYS_TYPES_H
| # include <sys/types.h>
| #endif
| #if HAVE_SYS_STAT_H
| # include <sys/stat.h>
| #endif
| #if STDC_HEADERS
| # include <stdlib.h>
| # include <stddef.h>
| #else
| # if HAVE_STDLIB_H
| #  include <stdlib.h>
| # endif
| #endif
| #if HAVE_STRING_H
| # if !STDC_HEADERS && HAVE_MEMORY_H
| #  include <memory.h>
| # endif
| # include <string.h>
| #endif
| #if HAVE_STRINGS_H
| # include <strings.h>
| #endif
| #if HAVE_INTTYPES_H
| # include <inttypes.h>
| #else
| # if HAVE_STDINT_H
| #  include <stdint.h>
| # endif
| #endif
| #if HAVE_UNISTD_H
| # include <unistd.h>
| #endif
| 
| #include <inttypes.h>
configure:2016: result: no
configure:1970: checking for stdint.h
configure:1986: cc -c   conftest.c >&5
configure:1992: $? = 0
configure:1996: test -z 
			 || test ! -s conftest.err
configure:1999: $? = 0
configure:2002: test -s conftest.
configure:2005: $? = 1
configure: failed program was:
| /* confdefs.h.  */
| 
| #define PACKAGE_NAME "SUNDIALS"
| #define PACKAGE_TARNAME "sundials"
| #define PACKAGE_VERSION "2.1.1"
| #define PACKAGE_STRING "SUNDIALS 2.1.1"
| #define PACKAGE_BUGREPORT "radu@llnl.gov"
| /* end confdefs.h.  */
| #include <stdio.h>
| #if HAVE_SYS_TYPES_H
| # include <sys/types.h>
| #endif
| #if HAVE_SYS_STAT_H
| # include <sys/stat.h>
| #endif
| #if STDC_HEADERS
| # include <stdlib.h>
| # include <stddef.h>
| #else
| # if HAVE_STDLIB_H
| #  include <stdlib.h>
| # endif
| #endif
| #if HAVE_STRING_H
| # if !STDC_HEADERS && HAVE_MEMORY_H
| #  include <memory.h>
| # endif
| # include <string.h>
| #endif
| #if HAVE_STRINGS_H
| # include <strings.h>
| #endif
| #if HAVE_INTTYPES_H
| # include <inttypes.h>
| #else
| # if HAVE_STDINT_H
| #  include <stdint.h>
| # endif
| #endif
| #if HAVE_UNISTD_H
| # include <unistd.h>
| #endif
| 
| #include <stdint.h>
configure:2016: result: no
configure:1970: checking for unistd.h
configure:1986: cc -c   conftest.c >&5
configure:1992: $? = 0
configure:1996: test -z 
			 || test ! -s conftest.err
configure:1999: $? = 0
configure:2002: test -s conftest.
configure:2005: $? = 1
configure: failed program was:
| /* confdefs.h.  */
| 
| #define PACKAGE_NAME "SUNDIALS"
| #define PACKAGE_TARNAME "sundials"
| #define PACKAGE_VERSION "2.1.1"
| #define PACKAGE_STRING "SUNDIALS 2.1.1"
| #define PACKAGE_BUGREPORT "radu@llnl.gov"
| /* end confdefs.h.  */
| #include <stdio.h>
| #if HAVE_SYS_TYPES_H
| # include <sys/types.h>
| #endif
| #if HAVE_SYS_STAT_H
| # include <sys/stat.h>
| #endif
| #if STDC_HEADERS
| # include <stdlib.h>
| # include <stddef.h>
| #else
| # if HAVE_STDLIB_H
| #  include <stdlib.h>
| # endif
| #endif
| #if HAVE_STRING_H
| # if !STDC_HEADERS && HAVE_MEMORY_H
| #  include <memory.h>
| # endif
| # include <string.h>
| #endif
| #if HAVE_STRINGS_H
| # include <strings.h>
| #endif
| #if HAVE_INTTYPES_H
| # include <inttypes.h>
| #else
| # if HAVE_STDINT_H
| #  include <stdint.h>
| # endif
| #endif
| #if HAVE_UNISTD_H
| # include <unistd.h>
| #endif
| 
| #include <unistd.h>
configure:2016: result: no
configure:2058: checking floating-point data type to use
configure:2101: result: double
configure:2178: checking for cc
configure:2194: found /usr/bin/cc
configure:2204: result: cc
configure:2225: checking for C compiler version
configure:2228: cc --version </dev/null >&5
cc (Ubuntu/Linaro 4.5.2-8ubuntu4) 4.5.2
Copyright (C) 2010 Free Software Foundation, Inc.
This is free software; see the source for copying conditions.  There is NO
warranty; not even for MERCHANTABILITY or FITNESS FOR A PARTICULAR PURPOSE.

configure:2231: $? = 0
configure:2233: cc -v </dev/null >&5
Using built-in specs.
COLLECT_GCC=cc
COLLECT_LTO_WRAPPER=/usr/lib/i386-linux-gnu/gcc/i686-linux-gnu/4.5.2/lto-wrapper
Target: i686-linux-gnu
Configured with: ../src/configure -v --with-pkgversion='Ubuntu/Linaro 4.5.2-8ubuntu4' --with-bugurl=file:///usr/share/doc/gcc-4.5/README.Bugs --enable-languages=c,c++,fortran,objc,obj-c++ --prefix=/usr --program-suffix=-4.5 --enable-shared --enable-multiarch --with-multiarch-defaults=i386-linux-gnu --enable-linker-build-id --with-system-zlib --libexecdir=/usr/lib/i386-linux-gnu --without-included-gettext --enable-threads=posix --with-gxx-include-dir=/usr/include/c++/4.5 --libdir=/usr/lib/i386-linux-gnu --enable-nls --with-sysroot=/ --enable-clocale=gnu --enable-libstdcxx-debug --enable-libstdcxx-time=yes --enable-plugin --enable-gold --enable-ld=default --with-plugin-ld=ld.gold --enable-objc-gc --enable-targets=all --disable-werror --with-arch-32=i686 --with-tune=generic --enable-checking=release --build=i686-linux-gnu --host=i686-linux-gnu --target=i686-linux-gnu
Thread model: posix
gcc version 4.5.2 (Ubuntu/Linaro 4.5.2-8ubuntu4) 
configure:2236: $? = 0
configure:2238: cc -V </dev/null >&5
cc: '-V' option must have argument
configure:2241: $? = 1
configure:2264: checking for C compiler default output file name
configure:2267: cc    conftest.c  >&5
configure:2270: $? = 0
configure:2316: result: a.out
configure:2321: checking whether the C compiler works
configure:2327: ./a.out
configure:2330: $? = 0
configure:2347: result: yes
configure:2354: checking whether we are cross compiling
configure:2356: result: no
configure:2359: checking for suffix of executables
configure:2361: cc -o conftest    conftest.c  >&5
configure:2364: $? = 0
configure:2389: result: 
configure:2395: checking for suffix of object files
configure:2416: cc -c   conftest.c >&5
configure:2419: $? = 0
configure:2441: result: o
configure:2445: checking whether we are using the GNU C compiler
configure:2469: cc -c   conftest.c >&5
configure:2475: $? = 0
configure:2479: test -z 
			 || test ! -s conftest.err
configure:2482: $? = 0
configure:2485: test -s conftest.o
configure:2488: $? = 0
configure:2501: result: yes
configure:2507: checking whether cc accepts -g
configure:2528: cc -c -g  conftest.c >&5
configure:2534: $? = 0
configure:2538: test -z 
			 || test ! -s conftest.err
configure:2541: $? = 0
configure:2544: test -s conftest.o
configure:2547: $? = 0
configure:2558: result: yes
configure:2575: checking for cc option to accept ANSI C
configure:2645: cc  -c -g -O2  conftest.c >&5
configure:2651: $? = 0
configure:2655: test -z 
			 || test ! -s conftest.err
configure:2658: $? = 0
configure:2661: test -s conftest.o
configure:2664: $? = 0
configure:2682: result: none needed
configure:2700: cc -c -g -O2  conftest.c >&5
conftest.c:2:9: error: expected '=', ',', ';', 'asm' or '__attribute__' before 'me'
configure:2706: $? = 1
configure: failed program was:
| #ifndef __cplusplus
|   choke me
| #endif
configure:2856: checking for cc
configure:2874: found /usr/bin/cc
configure:2887: result: /usr/bin/cc
configure:2903: checking for extra C compiler flags
configure:2916: result: none
configure:2930: checking how to run the C preprocessor
configure:2965: /usr/bin/cc -E  conftest.c
configure:2971: $? = 0
configure:3003: /usr/bin/cc -E  conftest.c
conftest.c:10:28: fatal error: ac_nonexistent.h: No such file or directory
compilation terminated.
configure:3009: $? = 1
configure: failed program was:
| /* confdefs.h.  */
| 
| #define PACKAGE_NAME "SUNDIALS"
| #define PACKAGE_TARNAME "sundials"
| #define PACKAGE_VERSION "2.1.1"
| #define PACKAGE_STRING "SUNDIALS 2.1.1"
| #define PACKAGE_BUGREPORT "radu@llnl.gov"
| #define SUNDIALS_DOUBLE_PRECISION 1
| /* end confdefs.h.  */
| #include <ac_nonexistent.h>
configure:3048: result: /usr/bin/cc -E
configure:3072: /usr/bin/cc -E  conftest.c
configure:3078: $? = 0
configure:3110: /usr/bin/cc -E  conftest.c
conftest.c:10:28: fatal error: ac_nonexistent.h: No such file or directory
compilation terminated.
configure:3116: $? = 1
configure: failed program was:
| /* confdefs.h.  */
| 
| #define PACKAGE_NAME "SUNDIALS"
| #define PACKAGE_TARNAME "sundials"
| #define PACKAGE_VERSION "2.1.1"
| #define PACKAGE_STRING "SUNDIALS 2.1.1"
| #define PACKAGE_BUGREPORT "radu@llnl.gov"
| #define SUNDIALS_DOUBLE_PRECISION 1
| /* end confdefs.h.  */
| #include <ac_nonexistent.h>
configure:3161: checking for extra C/C++ preprocessor flags
configure:3178: result: none
configure:3222: checking for extra linker flags
configure:3239: result: none
configure:3244: checking for extra libraries
configure:3261: result: none
configure:3269: checking for ANSI C header files
configure:3294: /usr/bin/cc -c -g -O2 -ffloat-store  conftest.c >&5
configure:3300: $? = 0
configure:3304: test -z 
			 || test ! -s conftest.err
configure:3307: $? = 0
configure:3310: test -s conftest.o
configure:3313: $? = 0
configure:3402: /usr/bin/cc -o conftest -g -O2 -ffloat-store   conftest.c  >&5
conftest.c: In function 'main':
conftest.c:27:7: warning: incompatible implicit declaration of built-in function 'exit'
configure:3405: $? = 0
configure:3407: ./conftest
configure:3410: $? = 0
configure:3425: result: yes
configure:3443: checking for stdlib.h
configure:3448: result: no
configure:3452: checking float.h usability
configure:3464: /usr/bin/cc -c -g -O2 -ffloat-store  conftest.c >&5
configure:3470: $? = 0
configure:3474: test -z 
			 || test ! -s conftest.err
configure:3477: $? = 0
configure:3480: test -s conftest.o
configure:3483: $? = 0
configure:3493: result: yes
configure:3497: checking float.h presence
configure:3507: /usr/bin/cc -E  conftest.c
configure:3513: $? = 0
configure:3533: result: yes
configure:3568: checking for float.h
configure:3575: result: yes
configure:3452: checking math.h usability
configure:3464: /usr/bin/cc -c -g -O2 -ffloat-store  conftest.c >&5
configure:3470: $? = 0
configure:3474: test -z 
			 || test ! -s conftest.err
configure:3477: $? = 0
configure:3480: test -s conftest.o
configure:3483: $? = 0
configure:3493: result: yes
configure:3497: checking math.h presence
configure:3507: /usr/bin/cc -E  conftest.c
configure:3513: $? = 0
configure:3533: result: yes
configure:3568: checking for math.h
configure:3575: result: yes
configure:3606: checking for abs in -lm
configure:3636: /usr/bin/cc -o conftest -g -O2 -ffloat-store   conftest.c -lm   >&5
conftest.c:20:6: warning: conflicting types for built-in function 'abs'
configure:3642: $? = 0
configure:3646: test -z 
			 || test ! -s conftest.err
configure:3649: $? = 0
configure:3652: test -s conftest
configure:3655: $? = 0
configure:3668: result: yes
configure:4148: checking for fabs in -lm
configure:4178: /usr/bin/cc -o conftest -g -O2 -ffloat-store   conftest.c -lm   >&5
conftest.c:21:6: warning: conflicting types for built-in function 'fabs'
configure:4184: $? = 0
configure:4188: test -z 
			 || test ! -s conftest.err
configure:4191: $? = 0
configure:4194: test -s conftest
configure:4197: $? = 0
configure:4210: result: yes
configure:4226: checking for pow in -lm
configure:4256: /usr/bin/cc -o conftest -g -O2 -ffloat-store   conftest.c -lm  -lm  >&5
conftest.c:22:6: warning: conflicting types for built-in function 'pow'
configure:4262: $? = 0
configure:4266: test -z 
			 || test ! -s conftest.err
configure:4269: $? = 0
configure:4272: test -s conftest
configure:4275: $? = 0
configure:4288: result: yes
configure:4304: checking for sqrt in -lm
configure:4334: /usr/bin/cc -o conftest -g -O2 -ffloat-store   conftest.c -lm  -lm -lm  >&5
conftest.c:23:6: warning: conflicting types for built-in function 'sqrt'
configure:4340: $? = 0
configure:4344: test -z 
			 || test ! -s conftest.err
configure:4347: $? = 0
configure:4350: test -s conftest
configure:4353: $? = 0
configure:4366: result: yes
configure:4644: checking for additional required C libraries
configure:4655: result: -lm 
configure:4665: checking for int
configure:4689: /usr/bin/cc -c -g -O2 -ffloat-store  conftest.c >&5
configure:4695: $? = 0
configure:4699: test -z 
			 || test ! -s conftest.err
configure:4702: $? = 0
configure:4705: test -s conftest.o
configure:4708: $? = 0
configure:4719: result: yes
configure:4722: checking size of int
configure:5041: /usr/bin/cc -o conftest -g -O2 -ffloat-store   conftest.c -lm  >&5
configure:5044: $? = 0
configure:5046: ./conftest
configure:5049: $? = 0
configure:5072: result: 4
configure:5081: checking for long int
configure:5105: /usr/bin/cc -c -g -O2 -ffloat-store  conftest.c >&5
configure:5111: $? = 0
configure:5115: test -z 
			 || test ! -s conftest.err
configure:5118: $? = 0
configure:5121: test -s conftest.o
configure:5124: $? = 0
configure:5135: result: yes
configure:5138: checking size of long int
configure:5457: /usr/bin/cc -o conftest -g -O2 -ffloat-store   conftest.c -lm  >&5
configure:5460: $? = 0
configure:5462: ./conftest
configure:5465: $? = 0
configure:5488: result: 4
configure:5914: checking for double
configure:5938: /usr/bin/cc -c -g -O2 -ffloat-store  conftest.c >&5
configure:5944: $? = 0
configure:5948: test -z 
			 || test ! -s conftest.err
configure:5951: $? = 0
configure:5954: test -s conftest.o
configure:5957: $? = 0
configure:5968: result: yes
configure:5971: checking size of double
configure:6290: /usr/bin/cc -o conftest -g -O2 -ffloat-store   conftest.c -lm  >&5
configure:6293: $? = 0
configure:6295: ./conftest
configure:6298: $? = 0
configure:6321: result: 8
configure:6746: checking for egrep
configure:6756: result: grep -E
configure:6763: checking for fgrep
configure:6773: result: grep -F
configure:6851: checking for f77
configure:6880: result: no
configure:6851: checking for f77
configure:6880: result: no
configure:6851: checking for g77
configure:6880: result: no
configure:6892: checking for Fortran 77 compiler version
configure:6895:  --version </dev/null >&5
./configure: line 6896: --version: command not found
configure:6898: $? = 127
configure:6900:  -v </dev/null >&5
./configure: line 6901: -v: command not found
configure:6903: $? = 127
configure:6905:  -V </dev/null >&5
./configure: line 6906: -V: command not found
configure:6908: $? = 127
configure:6916: checking whether we are using the GNU Fortran 77 compiler
configure:6930:  -c  conftest.F >&5
./configure: line 6931: -c: command not found
configure:6936: $? = 127
configure: failed program was:
|       program main
| #ifndef __GNUC__
|        choke me
| #endif
| 
|       end
configure:6962: result: no
configure:6968: checking whether  accepts -g
configure:6980:  -c -g conftest.f >&5
./configure: line 6981: -c: command not found
configure:6986: $? = 127
configure: failed program was:
|       program main
| 
|       end
configure:7011: result: no
configure:7040: WARNING: cannot find Fortran compiler
configure:7956: checking for ld used by GCC
configure:8019: result: /usr/bin/ld
configure:8028: checking if the linker (/usr/bin/ld) is GNU ld
GNU ld (GNU Binutils for Ubuntu) 2.21.0.20110327
configure:8040: result: yes
configure:8045: checking for /usr/bin/ld option to reload object files
configure:8052: result: -r
configure:8057: checking for BSD-compatible nm
configure:8093: result: /usr/bin/nm -B
configure:8096: checking for a sed that does not truncate output
configure:8178: result: /bin/sed
configure:8181: checking whether ln -s works
configure:8185: result: yes
configure:8192: checking how to recognise dependent libraries
configure:8373: result: pass_all
configure:8385: checking command to parse /usr/bin/nm -B output
configure:8469: /usr/bin/cc -c -g -O2 -ffloat-store  conftest.c >&5
configure:8472: $? = 0
configure:8476: /usr/bin/nm -B conftest.o \| sed -n -e 's/^.*[ 	]\([ABCDGISTW][ABCDGISTW]*\)[ 	][ 	]*\(\)\([_A-Za-z][_A-Za-z0-9]*\)$/\1 \2\3 \3/p' \> conftest.nm
configure:8479: $? = 0
configure:8531: /usr/bin/cc -o conftest -g -O2 -ffloat-store   conftest.c conftstm.o >&5
configure:8534: $? = 0
configure:8578: result: ok
configure:8596: checking dlfcn.h usability
configure:8608: /usr/bin/cc -c -g -O2 -ffloat-store  conftest.c >&5
configure:8614: $? = 0
configure:8618: test -z 
			 || test ! -s conftest.err
configure:8621: $? = 0
configure:8624: test -s conftest.o
configure:8627: $? = 0
configure:8637: result: yes
configure:8641: checking dlfcn.h presence
configure:8651: /usr/bin/cc -E  conftest.c
configure:8657: $? = 0
configure:8677: result: yes
configure:8712: checking for dlfcn.h
configure:8719: result: yes
configure:8917: checking for ranlib
configure:8933: found /usr/bin/ranlib
configure:8944: result: ranlib
configure:8997: checking for strip
configure:9013: found /usr/bin/strip
configure:9024: result: strip
configure:9246: checking for objdir
configure:9257: result: .libs
configure:9274: checking for /usr/bin/cc option to produce PIC
configure:9420: result: -fPIC
configure:9424: checking if /usr/bin/cc PIC flag -fPIC works
configure:9447: /usr/bin/cc -c -g -O2 -ffloat-store -fPIC -DPIC  conftest.c >&5
configure:9453: $? = 0
configure:9457: test -z 
			 || test ! -s conftest.err
configure:9460: $? = 0
configure:9463: test -s conftest.o
configure:9466: $? = 0
configure:9504: result: yes
configure:9520: checking if /usr/bin/cc static flag -static works
configure:9544: /usr/bin/cc -o conftest -g -O2 -ffloat-store   -static conftest.c -lm  >&5
configure:9550: $? = 0
configure:9554: test -z 
			 || test ! -s conftest.err
configure:9557: $? = 0
configure:9560: test -s conftest
configure:9563: $? = 0
configure:9580: result: yes
configure:9592: checking if /usr/bin/cc supports -c -o file.o
configure:9612: /usr/bin/cc -c -g -O2 -ffloat-store -o out/conftest2.o  conftest.c >&5
configure:9636: result: yes
configure:9641: checking if /usr/bin/cc supports -c -o file.lo
configure:9668: /usr/bin/cc -c -g -O2 -ffloat-store -c -o conftest.lo  conftest.c >&5
configure:9674: $? = 0
configure:9678: test -z 
			 || test ! -s conftest.err
configure:9681: $? = 0
configure:9684: test -s conftest.lo
configure:9687: $? = 0
configure:9709: result: yes
configure:9740: checking if /usr/bin/cc supports -fno-rtti -fno-exceptions
configure:9762: /usr/bin/cc -c -g -O2 -ffloat-store -fno-rtti -fno-exceptions -c conftest.c  conftest.c >&5
cc1: warning: command line option "-fno-rtti" is valid for C++/ObjC++ but not for C
cc1: warning: command line option "-fno-rtti" is valid for C++/ObjC++ but not for C
configure:9768: $? = 0
configure:9772: test -z 
			 || test ! -s conftest.err
configure:9775: $? = 0
configure:9778: test -s conftest.o
configure:9781: $? = 0
configure:9798: result: no
configure:9809: checking whether the linker (/usr/bin/ld) supports shared libraries
configure:10504: result: yes
configure:10509: checking how to hardcode library paths into programs
configure:10533: result: immediate
configure:10538: checking whether stripping libraries is possible
configure:10543: result: yes
configure:10554: checking dynamic linker characteristics
configure:10961: result: GNU/Linux ld.so
configure:10966: checking if libtool supports shared libraries
configure:10968: result: yes
configure:10971: checking whether to build shared libraries
configure:10992: result: no
configure:10995: checking whether to build static libraries
configure:10999: result: yes
configure:12415: checking if we can build serial C examples
configure:12418: result: yes
configure:12438: checking if we can build serial Fortran examples
configure:12443: result: no
configure:12522: checking for 'include' directory
configure:12558: result: /home/liao/Workspace/Bio/jameschenliao-MoDeL-66e4914/3party/BioNetGen/Network2/include
configure:12561: checking for 'lib' directory
configure:12601: result: /home/liao/Workspace/Bio/jameschenliao-MoDeL-66e4914/3party/BioNetGen/Network2/lib
configure:12859: creating ./config.status

## ---------------------- ##
## Running config.status. ##
## ---------------------- ##

This file was extended by SUNDIALS config.status 2.1.1, which was
generated by GNU Autoconf 2.59.  Invocation command line was

  CONFIG_FILES    = 
  CONFIG_HEADERS  = 
  CONFIG_LINKS    = 
  CONFIG_COMMANDS = 
  $ ./config.status 

on ubuntu

config.status:686: creating Makefile
config.status:686: creating shared/source/Makefile
config.status:686: creating nvec_ser/Makefile
config.status:686: creating cvode/source/Makefile
config.status:686: creating cvode/fcmix/Makefile
config.status:686: creating cvode/examples_ser/Makefile
config.status:686: creating config/sundials_config.h
config.status:790: creating config.h

## ---------------- ##
## Cache variables. ##
## ---------------- ##

ac_cv_build=i686-pc-linux-gnu
ac_cv_build_alias=i686-pc-linux-gnu
ac_cv_c_compiler_gnu=yes
ac_cv_env_CC_set=
ac_cv_env_CC_value=
ac_cv_env_CFLAGS_set=
ac_cv_env_CFLAGS_value=
ac_cv_env_CPPFLAGS_set=
ac_cv_env_CPPFLAGS_value=
ac_cv_env_CPP_set=
ac_cv_env_CPP_value=
ac_cv_env_F77_set=
ac_cv_env_F77_value=
ac_cv_env_FFLAGS_set=
ac_cv_env_FFLAGS_value=
ac_cv_env_LDFLAGS_set=
ac_cv_env_LDFLAGS_value=
ac_cv_env_build_alias_set=
ac_cv_env_build_alias_value=
ac_cv_env_host_alias_set=
ac_cv_env_host_alias_value=
ac_cv_env_target_alias_set=
ac_cv_env_target_alias_value=
ac_cv_exeext=
ac_cv_f77_compiler_gnu=no
ac_cv_header_dlfcn_h=yes
ac_cv_header_float_h=yes
ac_cv_header_inttypes_h=no
ac_cv_header_math_h=yes
ac_cv_header_memory_h=no
ac_cv_header_stdc=yes
ac_cv_header_stdint_h=no
ac_cv_header_stdlib_h=no
ac_cv_header_string_h=no
ac_cv_header_strings_h=no
ac_cv_header_sys_stat_h=no
ac_cv_header_sys_types_h=no
ac_cv_header_unistd_h=no
ac_cv_host=i686-pc-linux-gnu
ac_cv_host_alias=i686-pc-linux-gnu
ac_cv_lib_m_abs=yes
ac_cv_lib_m_fabs=yes
ac_cv_lib_m_pow=yes
ac_cv_lib_m_sqrt=yes
ac_cv_objext=o
ac_cv_path_CC_COMP=/usr/bin/cc
ac_cv_path_install='/usr/bin/install -c'
ac_cv_prog_CPP='/usr/bin/cc -E'
ac_cv_prog_ac_ct_CC=cc
ac_cv_prog_ac_ct_RANLIB=ranlib
ac_cv_prog_ac_ct_STRIP=strip
ac_cv_prog_cc_g=yes
ac_cv_prog_cc_stdc=
ac_cv_prog_egrep='grep -E'
ac_cv_prog_f77_g=no
ac_cv_prog_fgrep='grep -F'
ac_cv_prog_make_make_set=yes
ac_cv_sizeof_double=8
ac_cv_sizeof_int=4
ac_cv_sizeof_long_int=4
ac_cv_type_double=yes
ac_cv_type_int=yes
ac_cv_type_long_int=yes
lt_cv_compiler_c_o=yes
lt_cv_compiler_o_lo=yes
lt_cv_deplibs_check_method=pass_all
lt_cv_file_magic_cmd='$MAGIC_CMD'
lt_cv_file_magic_test_file='/lib/libc.so.6 /lib/libc-*.so'
lt_cv_global_symbol_to_c_name_address='sed -n -e '\''s/^: \([^ ]*\) $/  {\"\1\", (lt_ptr) 0},/p'\'' -e '\''s/^[BCDEGRST] \([^ ]*\) \([^ ]*\)$/  {"\2", (lt_ptr) \&\2},/p'\'''
lt_cv_global_symbol_to_cdecl='sed -n -e '\''s/^. .* \(.*\)$/extern char \1;/p'\'''
lt_cv_ld_reload_flag=-r
lt_cv_path_LD=/usr/bin/ld
lt_cv_path_NM='/usr/bin/nm -B'
lt_cv_path_SED=/bin/sed
lt_cv_prog_cc_can_build_shared=yes
lt_cv_prog_cc_no_builtin=
lt_cv_prog_cc_pic=' -fPIC'
lt_cv_prog_cc_pic_works=yes
lt_cv_prog_cc_shlib=
lt_cv_prog_cc_static=-static
lt_cv_prog_cc_static_works=yes
lt_cv_prog_cc_wl=-Wl,
lt_cv_prog_gnu_ld=yes
lt_cv_sys_global_symbol_pipe='sed -n -e '\''s/^.*[ 	]\([ABCDGISTW][ABCDGISTW]*\)[ 	][ 	]*\(\)\([_A-Za-z][_A-Za-z0-9]*\)$/\1 \2\3 \3/p'\'''

## ----------------- ##
## Output variables. ##
## ----------------- ##

CC='/usr/bin/cc'
CC_COMP='/usr/bin/cc'
CFLAGS='-g -O2 -ffloat-store'
COMPILER_PREFIX=''
CPP='/usr/bin/cc -E'
CPPFLAGS=''
DEFS='-DHAVE_CONFIG_H'
ECHO='echo'
ECHO_C=''
ECHO_N='-n'
ECHO_T=''
EGREP='grep -E'
EXAMPLE_MODULES=' cvode/examples_ser'
EXEEXT=''
F77=''
F77_CASE=''
F77_COMP=''
F77_MANGLE_MACRO=''
F77_UNDERSCORES=''
FCMIX_ENABLED='yes'
FFLAGS=''
FGREP='grep -F'
FLIBS=''
FLOAT_TYPE='double'
GENERIC_MATH_LIB='#define SUNDIALS_USE_GENERIC_MATH 1'
INSTALL_DATA='${INSTALL} -m 644'
INSTALL_PROGRAM='${INSTALL}'
INSTALL_SCRIPT='${INSTALL}'
LDFLAGS=''
LIBOBJS=''
LIBS='-lm '
LIBTOOL='$(SHELL) $(top_builddir)/libtool'
LIBTOOL_CMD=''
LIBTOOL_DEPS='config/ltmain.sh'
LINKER_PREFIX=''
LN_S='ln -s'
LTLIBOBJS=''
MODULES='shared/source cvode/source cvode/fcmix'
NVEC_MODULES='nvec_ser'
OBJEXT='o'
PACKAGE_BUGREPORT='radu@llnl.gov'
PACKAGE_NAME='SUNDIALS'
PACKAGE_STRING='SUNDIALS 2.1.1'
PACKAGE_TARNAME='sundials'
PACKAGE_VERSION='2.1.1'
PATH_SEPARATOR=':'
PRECISION_LEVEL='#define SUNDIALS_DOUBLE_PRECISION 1'
RANLIB='ranlib'
SET_MAKE=''
SHELL='/bin/bash'
STRIP='strip'
ac_ct_CC='cc'
ac_ct_F77=''
ac_ct_RANLIB='ranlib'
ac_ct_STRIP='strip'
bindir='${exec_prefix}/bin'
build='i686-pc-linux-gnu'
build_alias=''
build_cpu='i686'
build_os='linux-gnu'
build_vendor='pc'
datadir='${prefix}/share'
exec_prefix='${prefix}'
host='i686-pc-linux-gnu'
host_alias=''
host_cpu='i686'
host_os='linux-gnu'
host_vendor='pc'
includedir='${prefix}/include'
infodir='${prefix}/info'
libdir='${exec_prefix}/lib'
libexecdir='${exec_prefix}/libexec'
localstatedir='${prefix}/var'
mandir='${prefix}/man'
oldincludedir='/usr/include'
prefix='/home/liao/Workspace/Bio/jameschenliao-MoDeL-66e4914/3party/BioNetGen/Network2'
program_transform_name='s,x,x,'
sbindir='${exec_prefix}/sbin'
sharedstatedir='${prefix}/com'
sysconfdir='${prefix}/etc'
target_alias=''

## ----------- ##
## confdefs.h. ##
## ----------- ##

#define HAVE_DLFCN_H 1
#define HAVE_FLOAT_H 1
#define HAVE_LIBM 1
#define HAVE_LIBM 1
#define HAVE_LIBM 1
#define HAVE_LIBM 1
#define HAVE_MATH_H 1
#define PACKAGE_BUGREPORT "radu@llnl.gov"
#define PACKAGE_NAME "SUNDIALS"
#define PACKAGE_STRING "SUNDIALS 2.1.1"
#define PACKAGE_TARNAME "sundials"
#define PACKAGE_VERSION "2.1.1"
#define SIZEOF_DOUBLE 8
#define SIZEOF_INT 4
#define SIZEOF_LONG_INT 4
#define STDC_HEADERS 1
#define SUNDIALS_DOUBLE_PRECISION 1
#define SUNDIALS_USE_GENERIC_MATH 1

configure: exit 0
